android/app/build/intermediates/manifest_merge_blame_file/debug/manifest-merger-blame-debug-report.txt
1<?xml version="1.0" encoding="utf-8"?>
2<manifest xmlns:android="http://schemas.android.com/apk/res/android"
3    package="com.diary"
4    android:versionCode="1"
5    android:versionName="1.0" >
6
7    <uses-sdk
8        android:minSdkVersion="21"
9        android:targetSdkVersion="33" />
10
11    <uses-permission android:name="android.permission.SYSTEM_ALERT_WINDOW" />
11-->src\debug\AndroidManifest.xml:5:5-77
11-->src\debug\AndroidManifest.xml:5:22-75
12    <uses-permission android:name="android.permission.INTERNET" />
12-->src\main\AndroidManifest.xml:3:5-67
12-->src\main\AndroidManifest.xml:3:22-64
13    <uses-permission android:name="android.permission.ACCESS_WIFI_STATE" />
13-->[com.facebook.flipper:flipper:0.125.0] AndroidManifest.xml:16:5-76
13-->[com.facebook.flipper:flipper:0.125.0] AndroidManifest.xml:16:22-73
14
15    <queries>
15-->[:react-native-auth0] AndroidManifest.xml:14:5-22:15
16        <intent>
16-->[:react-native-auth0] AndroidManifest.xml:15:9-21:18
17            <action android:name="android.intent.action.VIEW" />
17-->[:react-native-auth0] AndroidManifest.xml:16:13-65
17-->[:react-native-auth0] AndroidManifest.xml:16:21-62
18
19            <category android:name="android.intent.category.BROWSABLE" />
19-->[:react-native-auth0] AndroidManifest.xml:18:13-74
19-->[:react-native-auth0] AndroidManifest.xml:18:23-71
20
21            <data android:scheme="https" />
21-->[:react-native-auth0] AndroidManifest.xml:20:13-44
21-->[:react-native-auth0] AndroidManifest.xml:20:19-41
22        </intent>
23    </queries>
24
25    <application
25-->src\main\AndroidManifest.xml:5:5-24:19
26        android:name="com.diary.MainApplication"
26-->src\main\AndroidManifest.xml:6:7-38
27        android:allowBackup="false"
27-->src\main\AndroidManifest.xml:10:7-34
28        android:appComponentFactory="androidx.core.app.CoreComponentFactory"
28-->[androidx.core:core:1.7.0] AndroidManifest.xml:24:18-86
29        android:debuggable="true"
30        android:icon="@mipmap/ic_launcher"
30-->src\main\AndroidManifest.xml:8:7-41
31        android:label="@string/app_name"
31-->src\main\AndroidManifest.xml:7:7-39
32        android:roundIcon="@mipmap/ic_launcher_round"
32-->src\main\AndroidManifest.xml:9:7-52
33        android:theme="@style/AppTheme"
33-->src\main\AndroidManifest.xml:11:7-38
34        android:usesCleartextTraffic="true" >
34-->src\debug\AndroidManifest.xml:8:9-44
35        <activity
35-->src\debug\AndroidManifest.xml:11:9-111
36            android:name="com.facebook.react.devsupport.DevSettingsActivity"
36-->src\debug\AndroidManifest.xml:11:19-83
37            android:exported="false" />
37-->src\debug\AndroidManifest.xml:11:84-108
38        <activity
38-->src\main\AndroidManifest.xml:12:7-23:18
39            android:name="com.diary.MainActivity"
39-->src\main\AndroidManifest.xml:13:9-37
40            android:configChanges="keyboard|keyboardHidden|orientation|screenLayout|screenSize|smallestScreenSize|uiMode"
40-->src\main\AndroidManifest.xml:15:9-118
41            android:exported="true"
41-->src\main\AndroidManifest.xml:18:9-32
42            android:label="@string/app_name"
42-->src\main\AndroidManifest.xml:14:9-41
43            android:launchMode="singleTask"
43-->src\main\AndroidManifest.xml:16:9-40
44            android:windowSoftInputMode="adjustResize" >
44-->src\main\AndroidManifest.xml:17:9-51
45            <intent-filter>
45-->src\main\AndroidManifest.xml:19:9-22:25
46                <action android:name="android.intent.action.MAIN" />
46-->src\main\AndroidManifest.xml:20:13-65
46-->src\main\AndroidManifest.xml:20:21-62
47
48                <category android:name="android.intent.category.LAUNCHER" />
48-->src\main\AndroidManifest.xml:21:13-73
48-->src\main\AndroidManifest.xml:21:23-70
49            </intent-filter>
50        </activity>
51        <activity
51-->[:react-native-auth0] AndroidManifest.xml:25:9-30:75
52            android:name="com.auth0.react.AuthenticationActivity"
52-->[:react-native-auth0] AndroidManifest.xml:26:13-66
53            android:configChanges="screenSize|smallestScreenSize|screenLayout|orientation|keyboard|keyboardHidden"
53-->[:react-native-auth0] AndroidManifest.xml:27:13-115
54            android:exported="false"
54-->[:react-native-auth0] AndroidManifest.xml:28:13-37
55            android:launchMode="singleTask"
55-->[:react-native-auth0] AndroidManifest.xml:29:13-44
56            android:theme="@android:style/Theme.Translucent.NoTitleBar" />
56-->[:react-native-auth0] AndroidManifest.xml:30:13-72
57        <activity
57-->[:react-native-auth0] AndroidManifest.xml:31:9-47:20
58            android:name="com.auth0.react.RedirectActivity"
58-->[:react-native-auth0] AndroidManifest.xml:32:13-60
59            android:exported="true" >
59-->[:react-native-auth0] AndroidManifest.xml:33:13-36
60            <intent-filter android:autoVerify="true" >
60-->[:react-native-auth0] AndroidManifest.xml:34:13-46:29
60-->[:react-native-auth0] AndroidManifest.xml:35:17-42
61                <action android:name="android.intent.action.VIEW" />
61-->[:react-native-auth0] AndroidManifest.xml:16:13-65
61-->[:react-native-auth0] AndroidManifest.xml:16:21-62
62
63                <category android:name="android.intent.category.DEFAULT" />
63-->[:react-native-auth0] AndroidManifest.xml:39:17-76
63-->[:react-native-auth0] AndroidManifest.xml:39:27-73
64                <category android:name="android.intent.category.BROWSABLE" />
64-->[:react-native-auth0] AndroidManifest.xml:18:13-74
64-->[:react-native-auth0] AndroidManifest.xml:18:23-71
65
66                <data
66-->[:react-native-auth0] AndroidManifest.xml:20:13-44
67                    android:host="{dev-qagwbz1w0rnqztge.us.auth0.com}"
68                    android:pathPrefix="/android/com.diary/callback"
69                    android:scheme="gFXaGfTyAIKO0KNsMtocE4mrqJyoCaZg" />
69-->[:react-native-auth0] AndroidManifest.xml:20:19-41
70            </intent-filter>
71        </activity>
72
73        <provider
73-->[:react-native-share] AndroidManifest.xml:10:9-18:20
74            android:name="cl.json.RNShareFileProvider"
74-->[:react-native-share] AndroidManifest.xml:11:13-55
75            android:authorities="com.diary.rnshare.fileprovider"
75-->[:react-native-share] AndroidManifest.xml:12:13-72
76            android:exported="false"
76-->[:react-native-share] AndroidManifest.xml:13:13-37
77            android:grantUriPermissions="true" >
77-->[:react-native-share] AndroidManifest.xml:14:13-47
78            <meta-data
78-->[:react-native-share] AndroidManifest.xml:15:13-17:64
79                android:name="android.support.FILE_PROVIDER_PATHS"
79-->[:react-native-share] AndroidManifest.xml:16:17-67
80                android:resource="@xml/share_download_paths" />
80-->[:react-native-share] AndroidManifest.xml:17:17-61
81        </provider>
82        <provider
82-->[androidx.emoji2:emoji2:1.0.0] AndroidManifest.xml:26:9-34:20
83            android:name="androidx.startup.InitializationProvider"
83-->[androidx.emoji2:emoji2:1.0.0] AndroidManifest.xml:27:13-67
84            android:authorities="com.diary.androidx-startup"
84-->[androidx.emoji2:emoji2:1.0.0] AndroidManifest.xml:28:13-68
85            android:exported="false" >
85-->[androidx.emoji2:emoji2:1.0.0] AndroidManifest.xml:29:13-37
86            <meta-data
86-->[androidx.emoji2:emoji2:1.0.0] AndroidManifest.xml:31:13-33:52
87                android:name="androidx.emoji2.text.EmojiCompatInitializer"
87-->[androidx.emoji2:emoji2:1.0.0] AndroidManifest.xml:32:17-75
88                android:value="androidx.startup" />
88-->[androidx.emoji2:emoji2:1.0.0] AndroidManifest.xml:33:17-49
89            <meta-data
89-->[androidx.lifecycle:lifecycle-process:2.4.0] AndroidManifest.xml:31:13-33:52
90                android:name="androidx.lifecycle.ProcessLifecycleInitializer"
90-->[androidx.lifecycle:lifecycle-process:2.4.0] AndroidManifest.xml:32:17-78
91                android:value="androidx.startup" />
91-->[androidx.lifecycle:lifecycle-process:2.4.0] AndroidManifest.xml:33:17-49
92        </provider>
93    </application>
94
95</manifest>